{"logTime": "0723/062028", "correlationVector":"A8Pw0CtqPeflfb5pqpFtDz.1","action":"SyncServerConnectionManagerRequest", "result":"SYNC_SERVER_OK", "context":{"environment":"Prod_southindia_prod-s01-004-apac-southindia", "migrationStage":"NotStarted", "server":"akswtt01400008m"}}
{"logTime": "0723/062031", "correlationVector":"A8Pw0CtqPeflfb5pqpFtDz.2","action":"AAD.Mip.Unpack", "result":"Success", "context":MIP_CLOUD_COMMERCIAL:Success}
{"logTime": "0723/062031", "correlationVector":"A8Pw0CtqPeflfb5pqpFtDz.3","action":"EncryptionKeysManager::SetEncryptionKeys:", "result":"Success", "context":Key names[1]:[dZlzTUuvdncHngSXarmzZicHHKtiVmEzPNd+xdOk0CT0Zisp7t2p59VE/34lfiDsiTZYh2ZQ3hq78TyMaZ0Nsw==]}
{"logTime": "0723/062031", "correlationVector":"A8Pw0CtqPeflfb5pqpFtDz.4","action":"AAD.GetKeyResponse", "result":"Success", "context":Keys=1.LastKeyStatus=Active. 2025-06-06 16:06:35 +0530.State=None. Tags: Current_encryption_keys_tag = Gu+/ve+/vWcIG++/vTbvv71iDmVMLA1jXizvv70j77+977+9Oe+/vSTvv73vv71Bzqzvv70=, Updated_current_encryption_keys_tag = Empty. Emails: ["melishamarinadsouza@kyndryl.com"]}
{"logTime": "0723/062031", "correlationVector":"A8Pw0CtqPeflfb5pqpFtDz.5","action":"ProcessGetUpdates", "result":"Done", "context":{"dataType":"Encryption Keys", "deleted":"0", "process_failed_to_decrypt":"0", "process_pending_decryption":"0", "process_success":"1", "total":"1"}}
{"logTime": "0723/062031", "correlationVector":"A8Pw0CtqPeflfb5pqpFtDz","action":"Initial GetUpdates", "result":"", "context":Reason: NEW_CLIENT. cV=A8Pw0CtqPeflfb5pqpFtDz}
{"logTime": "0723/062031", "correlationVector":"A8Pw0CtqPeflfb5pqpFtDz.6","action":"GetUpdates Response", "result":"Success", "context":Received 1 update(s). cV=A8Pw0CtqPeflfb5pqpFtDz.0;server=akswtt01400008m;cloudType=Multitenant;environment=Prod_southindia_prod-s01-004-apac-southindia;migrationStage=NotStarted}
{"logTime": "0723/062031", "correlationVector":"LtS/E1MYvc8/9wsQgnWK1v","action":"Initial GetUpdates", "result":"", "context":Reason: NEW_CLIENT. cV=LtS/E1MYvc8/9wsQgnWK1v}
{"logTime": "0723/062031", "correlationVector":"LtS/E1MYvc8/9wsQgnWK1v.1","action":"SyncServerConnectionManagerRequest", "result":"SYNC_SERVER_OK", "context":{"environment":"Prod_southindia_prod-s01-004-apac-southindia", "migrationStage":"NotStarted", "server":"akswtt01400008w"}}
{"logTime": "0723/062031", "correlationVector":"LtS/E1MYvc8/9wsQgnWK1v.2","action":"ProcessGetUpdates", "result":"Done", "context":{"dataType":"Preferences", "deleted":"0", "process_failed_to_decrypt":"0", "process_pending_decryption":"0", "process_success":"28", "total":"28"}}
{"logTime": "0723/062031", "correlationVector":"LtS/E1MYvc8/9wsQgnWK1v.3","action":"ProcessGetUpdates", "result":"Done", "context":{"dataType":"Passwords", "deleted":"0", "process_failed_to_decrypt":"0", "process_pending_decryption":"0", "process_success":"3", "total":"3"}}
{"logTime": "0723/062031", "correlationVector":"LtS/E1MYvc8/9wsQgnWK1v.4","action":"ProcessGetUpdates", "result":"Done", "context":{"dataType":"Device Info", "deleted":"0", "process_failed_to_decrypt":"0", "process_pending_decryption":"0", "process_success":"7", "total":"7"}}
{"logTime": "0723/062031", "correlationVector":"LtS/E1MYvc8/9wsQgnWK1v.5","action":"GetUpdates Response", "result":"Success", "context":Received 38 update(s). cV=LtS/E1MYvc8/9wsQgnWK1v.0;server=akswtt01400008w;cloudType=Multitenant;environment=Prod_southindia_prod-s01-004-apac-southindia;migrationStage=NotStarted}
{"logTime": "0723/062032", "correlationVector":"b2gD5sB2w9aMORkOeJMWyp","action":"Initial GetUpdates", "result":"", "context":Reason: NEW_CLIENT. cV=b2gD5sB2w9aMORkOeJMWyp}
{"logTime": "0723/062032", "correlationVector":"b2gD5sB2w9aMORkOeJMWyp.1","action":"SyncServerConnectionManagerRequest", "result":"SYNC_SERVER_OK", "context":{"environment":"Prod_southindia_prod-s01-004-apac-southindia", "migrationStage":"NotStarted", "server":"akswtt01400006m"}}
{"logTime": "0723/062032", "correlationVector":"b2gD5sB2w9aMORkOeJMWyp.2","action":"ProcessGetUpdates", "result":"Done", "context":{"dataType":"Bookmarks", "deleted":"0", "process_failed_to_decrypt":"0", "process_pending_decryption":"0", "process_success":"6", "total":"6"}}
{"logTime": "0723/062032", "correlationVector":"b2gD5sB2w9aMORkOeJMWyp.3","action":"GetUpdates Response", "result":"Success", "context":Received 6 update(s). cV=b2gD5sB2w9aMORkOeJMWyp.0;server=akswtt01400006m;cloudType=Multitenant;environment=Prod_southindia_prod-s01-004-apac-southindia;migrationStage=NotStarted}
{"logTime": "0723/062033", "correlationVector":"EUKJa/8SrDtfasJsxXovY8","action":"Initial GetUpdates", "result":"", "context":Reason: NEW_CLIENT. cV=EUKJa/8SrDtfasJsxXovY8}
{"logTime": "0723/062033", "correlationVector":"EUKJa/8SrDtfasJsxXovY8.1","action":"SyncServerConnectionManagerRequest", "result":"SYNC_SERVER_OK", "context":{"environment":"Prod_southindia_prod-s01-004-apac-southindia", "migrationStage":"NotStarted", "server":"akswtt0140000at"}}
{"logTime": "0723/062033", "correlationVector":"EUKJa/8SrDtfasJsxXovY8.2","action":"ProcessGetUpdates", "result":"Done", "context":{"dataType":"Autofill Profiles", "deleted":"0", "process_failed_to_decrypt":"0", "process_pending_decryption":"0", "process_success":"6", "total":"6"}}
{"logTime": "0723/062033", "correlationVector":"EUKJa/8SrDtfasJsxXovY8.3","action":"ProcessGetUpdates", "result":"Done", "context":{"dataType":"Autofill", "deleted":"0", "process_failed_to_decrypt":"0", "process_pending_decryption":"0", "process_success":"11", "total":"11"}}
{"logTime": "0723/062033", "correlationVector":"EUKJa/8SrDtfasJsxXovY8.4","action":"ProcessGetUpdates", "result":"Done", "context":{"dataType":"Sessions", "deleted":"0", "process_failed_to_decrypt":"0", "process_pending_decryption":"0", "process_success":"19", "total":"19"}}
{"logTime": "0723/062033", "correlationVector":"EUKJa/8SrDtfasJsxXovY8.5","action":"ProcessGetUpdates", "result":"Done", "context":{"dataType":"Edge Hub App Usage", "deleted":"0", "process_failed_to_decrypt":"0", "process_pending_decryption":"0", "process_success":"18", "total":"18"}}
{"logTime": "0723/062033", "correlationVector":"EUKJa/8SrDtfasJsxXovY8.6","action":"GetUpdates Response", "result":"Success", "context":Received 54 update(s). cV=EUKJa/8SrDtfasJsxXovY8.0;server=akswtt0140000at;cloudType=Multitenant;environment=Prod_southindia_prod-s01-004-apac-southindia;migrationStage=NotStarted}
{"logTime": "0723/062033", "correlationVector":"UqZ5SGa0JFjDNWnuiQEp6C","action":"Initial GetUpdates", "result":"", "context":Reason: NEW_CLIENT. cV=UqZ5SGa0JFjDNWnuiQEp6C}
{"logTime": "0723/062035", "correlationVector":"UqZ5SGa0JFjDNWnuiQEp6C.1","action":"SyncServerConnectionManagerRequest", "result":"SYNC_SERVER_OK", "context":{"environment":"Prod_southindia_prod-s01-004-apac-southindia", "migrationStage":"NotStarted", "server":"akswtt01400008r"}}
{"logTime": "0723/062035", "correlationVector":"UqZ5SGa0JFjDNWnuiQEp6C.2","action":"ProcessGetUpdates", "result":"Done", "context":{"dataType":"History", "deleted":"0", "process_failed_to_decrypt":"0", "process_pending_decryption":"0", "process_success":"247", "total":"247"}}
{"logTime": "0723/062035", "correlationVector":"UqZ5SGa0JFjDNWnuiQEp6C.3","action":"GetUpdates Response", "result":"Success", "context":Received 247 update(s). cV=UqZ5SGa0JFjDNWnuiQEp6C.0;server=akswtt01400008r;cloudType=Multitenant;environment=Prod_southindia_prod-s01-004-apac-southindia;migrationStage=NotStarted}
{"logTime": "0723/062035", "correlationVector":"eWYXiRzPHUE/sqlOTB4CHj","action":"Normal GetUpdate request", "result":"", "context":cV=eWYXiRzPHUE/sqlOTB4CHj
Nudged types: Sessions, Device Info, User Consents
Refresh requested types: Bookmarks, Preferences, Passwords, Autofill Profiles, Autofill, Extensions, Sessions, Extension settings, History Delete Directives, Device Info, User Consents, Send Tab To Self, Web Apps, History, Saved Tab Group, WebAuthn Credentials, Collection, Edge E Drop, Edge Hub App Usage, Edge Wallet, Encryption Keys}
{"logTime": "0723/062036", "correlationVector":"eWYXiRzPHUE/sqlOTB4CHj.1","action":"SyncServerConnectionManagerRequest", "result":"SYNC_SERVER_OK", "context":{"environment":"Prod_southindia_prod-s01-004-apac-southindia", "migrationStage":"NotStarted", "server":"akswtt01400007m"}}
{"logTime": "0723/062036", "correlationVector":"eWYXiRzPHUE/sqlOTB4CHj.2","action":"GetUpdates Response", "result":"Success", "context":Received 0 update(s). cV=eWYXiRzPHUE/sqlOTB4CHj.0;server=akswtt01400007m;cloudType=Multitenant;environment=Prod_southindia_prod-s01-004-apac-southindia;migrationStage=NotStarted}
{"logTime": "0723/062036", "correlationVector":"mn+39k4unTOtaZ28kdA4mi","action":"DoCompareDataConsistency requsted types: ", "result":"Bookmarks, Preferences, Passwords, Extensions, Extension settings, History Delete Directives, Send Tab To Self, Web Apps, History, Saved Tab Group, WebAuthn Credentials, Collection, Edge E Drop, Edge Wallet, Encryption Keys"}
{"logTime": "0723/062036", "correlationVector":"mn+39k4unTOtaZ28kdA4mi.0","action":"CompareDataConsistency result: ", "result":"Compare result: Encryption Keys is consistent. local entities count is: 1 local entities hash is: /d1ti5WIwEV9e6mCeoB0acPgvDo="}
{"logTime": "0723/062036", "correlationVector":"mn+39k4unTOtaZ28kdA4mi.1","action":"CompareDataConsistency result: ", "result":"Compare result: Bookmarks is consistent. local entities count is: 1 local entities hash is: rU003C05owc4VVBvZ4fGv7CnP1o="}
{"logTime": "0723/062036", "correlationVector":"mn+39k4unTOtaZ28kdA4mi.2","action":"CompareDataConsistency result: ", "result":"Compare result: Preferences is consistent. local entities count is: 28 local entities hash is: N08WyccCX4NDRXcQfhqLyT+yTHk="}
{"logTime": "0723/062036", "correlationVector":"mn+39k4unTOtaZ28kdA4mi.3","action":"CompareDataConsistency result: ", "result":"Compare result: Passwords is consistent. local entities count is: 3 local entities hash is: naG/JjMgej2MuweR33uRbPSL6IU="}
{"logTime": "0723/062036", "correlationVector":"mn+39k4unTOtaZ28kdA4mi.4","action":"CompareDataConsistency result: ", "result":"Compare result: Extensions is consistent. local entities count is: 0 local entities hash is: "}
{"logTime": "0723/062036", "correlationVector":"mn+39k4unTOtaZ28kdA4mi.5","action":"CompareDataConsistency result: ", "result":"Compare result: Extension settings is consistent. local entities count is: 0 local entities hash is: "}
{"logTime": "0723/062036", "correlationVector":"mn+39k4unTOtaZ28kdA4mi.6","action":"CompareDataConsistency result: ", "result":"Compare result: History Delete Directives is consistent. local entities count is: 0 local entities hash is: "}
{"logTime": "0723/062036", "correlationVector":"mn+39k4unTOtaZ28kdA4mi.7","action":"CompareDataConsistency result: ", "result":"Server did not send this Send Tab To Self local entities count is: 0 local entities hash is: "}
{"logTime": "0723/062036", "correlationVector":"mn+39k4unTOtaZ28kdA4mi.8","action":"CompareDataConsistency result: ", "result":"Compare result: Web Apps is consistent. local entities count is: 0 local entities hash is: "}
{"logTime": "0723/062036", "correlationVector":"mn+39k4unTOtaZ28kdA4mi.9","action":"CompareDataConsistency result: ", "result":"Server did not send this History local entities count is: 0 local entities hash is: "}
{"logTime": "0723/062036", "correlationVector":"mn+39k4unTOtaZ28kdA4mi.10","action":"CompareDataConsistency result: ", "result":"Compare result: Saved Tab Group is consistent. local entities count is: 0 local entities hash is: "}
{"logTime": "0723/062036", "correlationVector":"mn+39k4unTOtaZ28kdA4mi.11","action":"CompareDataConsistency result: ", "result":"Server did not send this WebAuthn Credentials local entities count is: 0 local entities hash is: "}
{"logTime": "0723/062036", "correlationVector":"mn+39k4unTOtaZ28kdA4mi.12","action":"CompareDataConsistency result: ", "result":"Compare result: Collection is consistent. local entities count is: 0 local entities hash is: "}
{"logTime": "0723/062036", "correlationVector":"mn+39k4unTOtaZ28kdA4mi.13","action":"CompareDataConsistency result: ", "result":"Compare result: Edge E Drop is consistent. local entities count is: 0 local entities hash is: "}
{"logTime": "0723/062036", "correlationVector":"mn+39k4unTOtaZ28kdA4mi.14","action":"CompareDataConsistency result: ", "result":"Compare result: Edge Wallet is consistent. local entities count is: 0 local entities hash is: "}
{"logTime": "0723/062036", "correlationVector":"d+89jMylmd6yO79lN10nIn","action":"Commit Request", "result":"", "context":Item count: 5
Contributing types: Sessions, Device Info, User Consents}
{"logTime": "0723/062037", "correlationVector":"d+89jMylmd6yO79lN10nIn.1","action":"SyncServerConnectionManagerRequest", "result":"SYNC_SERVER_OK", "context":{"environment":"Prod_southindia_prod-s01-004-apac-southindia", "migrationStage":"NotStarted", "server":"akswtt0140000at"}}
{"logTime": "0723/062037", "correlationVector":"d+89jMylmd6yO79lN10nIn.2","action":"Commit Response", "result":"Success", "context":Result: Success. cV=d+89jMylmd6yO79lN10nIn.0;server=akswtt0140000at;cloudType=Multitenant;environment=Prod_southindia_prod-s01-004-apac-southindia;migrationStage=NotStarted}
{"logTime": "0723/062037", "correlationVector":"","action":"DIAGNOSTIC_REQUEST|v1/diagnosticData/Diagnostic.SendCheckResult()|SUCCESS", "result":""}
{"logTime": "0723/062048", "correlationVector":"Behn7OXGUxvruIioVbcERq","action":"Commit Request", "result":"", "context":Item count: 3
Contributing types: Preferences, Sessions, History}
{"logTime": "0723/062049", "correlationVector":"Behn7OXGUxvruIioVbcERq.1","action":"SyncServerConnectionManagerRequest", "result":"SYNC_SERVER_OK", "context":{"environment":"Prod_southindia_prod-s01-004-apac-southindia", "migrationStage":"NotStarted", "server":"akswtt0140000ab"}}
{"logTime": "0723/062049", "correlationVector":"Behn7OXGUxvruIioVbcERq.2","action":"Commit Response", "result":"Success", "context":Result: Success. cV=Behn7OXGUxvruIioVbcERq.0;server=akswtt0140000ab;cloudType=Multitenant;environment=Prod_southindia_prod-s01-004-apac-southindia;migrationStage=NotStarted}
{"logTime": "0723/062116", "correlationVector":"GzBmG8pIiKIvmWTjnqs1N2","action":"Commit Request", "result":"", "context":Item count: 3
Contributing types: Passwords}
{"logTime": "0723/062118", "correlationVector":"GzBmG8pIiKIvmWTjnqs1N2.1","action":"SyncServerConnectionManagerRequest", "result":"SYNC_SERVER_OK", "context":{"environment":"Prod_southindia_prod-s01-004-apac-southindia", "migrationStage":"NotStarted", "server":"akswtt0140000a8"}}
{"logTime": "0723/062118", "correlationVector":"GzBmG8pIiKIvmWTjnqs1N2.2","action":"Commit Response", "result":"Success", "context":Result: Success. cV=GzBmG8pIiKIvmWTjnqs1N2.0;server=akswtt0140000a8;cloudType=Multitenant;environment=Prod_southindia_prod-s01-004-apac-southindia;migrationStage=NotStarted}
{"logTime": "0723/081010", "correlationVector":"SHVvsdyF8GaAVOqPFOXWy9.1","action":"SyncServerConnectionManagerRequest", "result":"SYNC_SERVER_OK", "context":{"environment":"Prod_southindia_prod-s01-004-apac-southindia", "migrationStage":"NotStarted", "server":"akswtt0140000at"}}
{"logTime": "0723/081012", "correlationVector":"SHVvsdyF8GaAVOqPFOXWy9.2","action":"AAD.Mip.Unpack", "result":"Success", "context":MIP_CLOUD_COMMERCIAL:Success}
{"logTime": "0723/081012", "correlationVector":"SHVvsdyF8GaAVOqPFOXWy9.3","action":"EncryptionKeysManager::SetEncryptionKeys:", "result":"Success", "context":Key names[1]:[dZlzTUuvdncHngSXarmzZicHHKtiVmEzPNd+xdOk0CT0Zisp7t2p59VE/34lfiDsiTZYh2ZQ3hq78TyMaZ0Nsw==]}
{"logTime": "0723/081012", "correlationVector":"SHVvsdyF8GaAVOqPFOXWy9.4","action":"AAD.GetKeyResponse", "result":"Success", "context":Keys=1.LastKeyStatus=Active. 2025-06-06 16:06:35 +0530.State=None. Tags: Current_encryption_keys_tag = Gu+/ve+/vWcIG++/vTbvv71iDmVMLA1jXizvv70j77+977+9Oe+/vSTvv73vv71Bzqzvv70=, Updated_current_encryption_keys_tag = Empty. Emails: ["melishamarinadsouza@kyndryl.com"]}
{"logTime": "0723/081012", "correlationVector":"SHVvsdyF8GaAVOqPFOXWy9.5","action":"ProcessGetUpdates", "result":"Done", "context":{"dataType":"Encryption Keys", "deleted":"0", "process_failed_to_decrypt":"0", "process_pending_decryption":"0", "process_success":"1", "total":"1"}}
{"logTime": "0723/081012", "correlationVector":"SHVvsdyF8GaAVOqPFOXWy9","action":"Initial GetUpdates", "result":"", "context":Reason: NEW_CLIENT. cV=SHVvsdyF8GaAVOqPFOXWy9}
{"logTime": "0723/081012", "correlationVector":"SHVvsdyF8GaAVOqPFOXWy9.6","action":"GetUpdates Response", "result":"Success", "context":Received 1 update(s). cV=SHVvsdyF8GaAVOqPFOXWy9.0;server=akswtt0140000at;cloudType=Multitenant;environment=Prod_southindia_prod-s01-004-apac-southindia;migrationStage=NotStarted}
{"logTime": "0723/081012", "correlationVector":"HQXZPFwiZwVc7nPgclJJi8","action":"Initial GetUpdates", "result":"", "context":Reason: NEWLY_SUPPORTED_DATATYPE. cV=HQXZPFwiZwVc7nPgclJJi8}
{"logTime": "0723/081013", "correlationVector":"HQXZPFwiZwVc7nPgclJJi8.1","action":"SyncServerConnectionManagerRequest", "result":"SYNC_SERVER_OK", "context":{"environment":"Prod_southindia_prod-s01-004-apac-southindia", "migrationStage":"NotStarted", "server":"akswtt01400008y"}}
{"logTime": "0723/081013", "correlationVector":"HQXZPFwiZwVc7nPgclJJi8.2","action":"ProcessGetUpdates", "result":"Done", "context":{"dataType":"Passwords", "deleted":"0", "process_failed_to_decrypt":"0", "process_pending_decryption":"0", "process_success":"3", "total":"3"}}
{"logTime": "0723/081013", "correlationVector":"HQXZPFwiZwVc7nPgclJJi8.3","action":"GetUpdates Response", "result":"Success", "context":Received 3 update(s). cV=HQXZPFwiZwVc7nPgclJJi8.0;server=akswtt01400008y;cloudType=Multitenant;environment=Prod_southindia_prod-s01-004-apac-southindia;migrationStage=NotStarted}
{"logTime": "0723/081013", "correlationVector":"/noTQD0gPrdFXtGGXmMTyn","action":"Normal GetUpdate request", "result":"", "context":cV=/noTQD0gPrdFXtGGXmMTyn
Nudged types: Preferences, Sessions, History
Refresh requested types: Bookmarks, Preferences, Passwords, Autofill Profiles, Autofill, Extensions, Sessions, Extension settings, History Delete Directives, Device Info, User Consents, Send Tab To Self, Web Apps, History, Saved Tab Group, WebAuthn Credentials, Collection, Edge E Drop, Edge Hub App Usage, Edge Wallet, Encryption Keys}
{"logTime": "0723/081013", "correlationVector":"/noTQD0gPrdFXtGGXmMTyn.1","action":"SyncServerConnectionManagerRequest", "result":"SYNC_SERVER_OK", "context":{"environment":"Prod_southindia_prod-s01-004-apac-southindia", "migrationStage":"NotStarted", "server":"akswtt01400009z"}}
{"logTime": "0723/081013", "correlationVector":"/noTQD0gPrdFXtGGXmMTyn.2","action":"ProcessGetUpdates", "result":"Done", "context":{"dataType":"Preferences", "deleted":"0", "process_failed_to_decrypt":"0", "process_pending_decryption":"0", "process_success":"2", "total":"2"}}
{"logTime": "0723/081013", "correlationVector":"/noTQD0gPrdFXtGGXmMTyn.3","action":"ProcessGetUpdates", "result":"Done", "context":{"dataType":"Sessions", "deleted":"5", "process_failed_to_decrypt":"0", "process_pending_decryption":"0", "process_success":"13", "total":"13"}}
{"logTime": "0723/081013", "correlationVector":"/noTQD0gPrdFXtGGXmMTyn.4","action":"ProcessGetUpdates", "result":"Done", "context":{"dataType":"Device Info", "deleted":"0", "process_failed_to_decrypt":"0", "process_pending_decryption":"0", "process_success":"1", "total":"1"}}
{"logTime": "0723/081013", "correlationVector":"/noTQD0gPrdFXtGGXmMTyn.5","action":"ProcessGetUpdates", "result":"Done", "context":{"dataType":"History", "deleted":"0", "process_failed_to_decrypt":"0", "process_pending_decryption":"0", "process_success":"16", "total":"16"}}
{"logTime": "0723/081013", "correlationVector":"/noTQD0gPrdFXtGGXmMTyn.6","action":"GetUpdates Response", "result":"Success", "context":Received 32 update(s). cV=/noTQD0gPrdFXtGGXmMTyn.0;server=akswtt01400009z;cloudType=Multitenant;environment=Prod_southindia_prod-s01-004-apac-southindia;migrationStage=NotStarted}
{"logTime": "0723/081013", "correlationVector":"whChiuwIhKobRBUt6IwksI","action":"Commit Request", "result":"", "context":Item count: 2
Contributing types: History}
{"logTime": "0723/081014", "correlationVector":"whChiuwIhKobRBUt6IwksI.1","action":"SyncServerConnectionManagerRequest", "result":"SYNC_SERVER_OK", "context":{"environment":"Prod_southindia_prod-s01-004-apac-southindia", "migrationStage":"NotStarted", "server":"akswtt0140000bd"}}
{"logTime": "0723/081014", "correlationVector":"whChiuwIhKobRBUt6IwksI.2","action":"Commit Response", "result":"Success", "context":Result: Success. cV=whChiuwIhKobRBUt6IwksI.0;server=akswtt0140000bd;cloudType=Multitenant;environment=Prod_southindia_prod-s01-004-apac-southindia;migrationStage=NotStarted}
{"logTime": "0723/092726", "correlationVector":"4usVsr5lJZb1ndnNQ9k7Bf.1","action":"SyncServerConnectionManagerRequest", "result":"SYNC_SERVER_OK", "context":{"environment":"Prod_southindia_prod-s01-004-apac-southindia", "migrationStage":"NotStarted", "server":"akswtt01400006y"}}
{"logTime": "0723/092729", "correlationVector":"4usVsr5lJZb1ndnNQ9k7Bf.2","action":"AAD.Mip.Unpack", "result":"Success", "context":MIP_CLOUD_COMMERCIAL:Success}
{"logTime": "0723/092729", "correlationVector":"4usVsr5lJZb1ndnNQ9k7Bf.3","action":"EncryptionKeysManager::SetEncryptionKeys:", "result":"Success", "context":Key names[1]:[dZlzTUuvdncHngSXarmzZicHHKtiVmEzPNd+xdOk0CT0Zisp7t2p59VE/34lfiDsiTZYh2ZQ3hq78TyMaZ0Nsw==]}
{"logTime": "0723/092729", "correlationVector":"4usVsr5lJZb1ndnNQ9k7Bf.4","action":"AAD.GetKeyResponse", "result":"Success", "context":Keys=1.LastKeyStatus=Active. 2025-06-06 16:06:35 +0530.State=None. Tags: Current_encryption_keys_tag = Gu+/ve+/vWcIG++/vTbvv71iDmVMLA1jXizvv70j77+977+9Oe+/vSTvv73vv71Bzqzvv70=, Updated_current_encryption_keys_tag = Empty. Emails: ["melishamarinadsouza@kyndryl.com"]}
{"logTime": "0723/092729", "correlationVector":"4usVsr5lJZb1ndnNQ9k7Bf.5","action":"ProcessGetUpdates", "result":"Done", "context":{"dataType":"Encryption Keys", "deleted":"0", "process_failed_to_decrypt":"0", "process_pending_decryption":"0", "process_success":"1", "total":"1"}}
{"logTime": "0723/092729", "correlationVector":"4usVsr5lJZb1ndnNQ9k7Bf","action":"Initial GetUpdates", "result":"", "context":Reason: NEW_CLIENT. cV=4usVsr5lJZb1ndnNQ9k7Bf}
{"logTime": "0723/092729", "correlationVector":"4usVsr5lJZb1ndnNQ9k7Bf.6","action":"GetUpdates Response", "result":"Success", "context":Received 1 update(s). cV=4usVsr5lJZb1ndnNQ9k7Bf.0;server=akswtt01400006y;cloudType=Multitenant;environment=Prod_southindia_prod-s01-004-apac-southindia;migrationStage=NotStarted}
{"logTime": "0723/092729", "correlationVector":"z2I6jQjzemYgN9sU1m6A2X","action":"Initial GetUpdates", "result":"", "context":Reason: NEWLY_SUPPORTED_DATATYPE. cV=z2I6jQjzemYgN9sU1m6A2X}
{"logTime": "0723/092729", "correlationVector":"z2I6jQjzemYgN9sU1m6A2X.1","action":"SyncServerConnectionManagerRequest", "result":"SYNC_SERVER_OK", "context":{"environment":"Prod_southindia_prod-s01-004-apac-southindia", "migrationStage":"NotStarted", "server":"akswtt01400009i"}}
{"logTime": "0723/092729", "correlationVector":"z2I6jQjzemYgN9sU1m6A2X.2","action":"ProcessGetUpdates", "result":"Done", "context":{"dataType":"Passwords", "deleted":"0", "process_failed_to_decrypt":"0", "process_pending_decryption":"0", "process_success":"3", "total":"3"}}
{"logTime": "0723/092729", "correlationVector":"z2I6jQjzemYgN9sU1m6A2X.3","action":"GetUpdates Response", "result":"Success", "context":Received 3 update(s). cV=z2I6jQjzemYgN9sU1m6A2X.0;server=akswtt01400009i;cloudType=Multitenant;environment=Prod_southindia_prod-s01-004-apac-southindia;migrationStage=NotStarted}
{"logTime": "0723/092729", "correlationVector":"q46jE8ApZxhjOkJeKk3MNr","action":"Normal GetUpdate request", "result":"", "context":cV=q46jE8ApZxhjOkJeKk3MNr
Nudged types: Sessions, History
Refresh requested types: Bookmarks, Preferences, Passwords, Autofill Profiles, Autofill, Extensions, Sessions, Extension settings, History Delete Directives, Device Info, User Consents, Send Tab To Self, Web Apps, History, Saved Tab Group, WebAuthn Credentials, Collection, Edge E Drop, Edge Hub App Usage, Edge Wallet, Encryption Keys}
{"logTime": "0723/092730", "correlationVector":"q46jE8ApZxhjOkJeKk3MNr.1","action":"SyncServerConnectionManagerRequest", "result":"SYNC_SERVER_OK", "context":{"environment":"Prod_southindia_prod-s01-004-apac-southindia", "migrationStage":"NotStarted", "server":"akswtt01400003v"}}
{"logTime": "0723/092730", "correlationVector":"q46jE8ApZxhjOkJeKk3MNr.2","action":"ProcessGetUpdates", "result":"Done", "context":{"dataType":"Sessions", "deleted":"3", "process_failed_to_decrypt":"0", "process_pending_decryption":"0", "process_success":"5", "total":"5"}}
{"logTime": "0723/092730", "correlationVector":"q46jE8ApZxhjOkJeKk3MNr.3","action":"ProcessGetUpdates", "result":"Done", "context":{"dataType":"History", "deleted":"0", "process_failed_to_decrypt":"0", "process_pending_decryption":"0", "process_success":"3", "total":"3"}}
{"logTime": "0723/092730", "correlationVector":"q46jE8ApZxhjOkJeKk3MNr.4","action":"GetUpdates Response", "result":"Success", "context":Received 8 update(s). cV=q46jE8ApZxhjOkJeKk3MNr.0;server=akswtt01400003v;cloudType=Multitenant;environment=Prod_southindia_prod-s01-004-apac-southindia;migrationStage=NotStarted}
{"logTime": "0723/092730", "correlationVector":"RuRCIfUXLf19f51IhQaMbr","action":"Commit Request", "result":"", "context":Item count: 5
Contributing types: Sessions, History}
{"logTime": "0723/092731", "correlationVector":"RuRCIfUXLf19f51IhQaMbr.1","action":"SyncServerConnectionManagerRequest", "result":"SYNC_SERVER_OK", "context":{"environment":"Prod_southindia_prod-s01-004-apac-southindia", "migrationStage":"NotStarted", "server":"akswtt01400009e"}}
{"logTime": "0723/092731", "correlationVector":"RuRCIfUXLf19f51IhQaMbr.2","action":"Commit Response", "result":"Success", "context":Result: Success. cV=RuRCIfUXLf19f51IhQaMbr.0;server=akswtt01400009e;cloudType=Multitenant;environment=Prod_southindia_prod-s01-004-apac-southindia;migrationStage=NotStarted}
{"logTime": "0723/100905", "correlationVector":"JrIQu/jnt2HZ96xZNgwBjc.1","action":"SyncServerConnectionManagerRequest", "result":"SYNC_SERVER_OK", "context":{"environment":"Prod_southindia_prod-s01-004-apac-southindia", "migrationStage":"NotStarted", "server":"akswtt014000062"}}
{"logTime": "0723/100906", "correlationVector":"JrIQu/jnt2HZ96xZNgwBjc.2","action":"AAD.Mip.Unpack", "result":"Success", "context":MIP_CLOUD_COMMERCIAL:Success}
{"logTime": "0723/100906", "correlationVector":"JrIQu/jnt2HZ96xZNgwBjc.3","action":"EncryptionKeysManager::SetEncryptionKeys:", "result":"Success", "context":Key names[1]:[dZlzTUuvdncHngSXarmzZicHHKtiVmEzPNd+xdOk0CT0Zisp7t2p59VE/34lfiDsiTZYh2ZQ3hq78TyMaZ0Nsw==]}
{"logTime": "0723/100906", "correlationVector":"JrIQu/jnt2HZ96xZNgwBjc.4","action":"AAD.GetKeyResponse", "result":"Success", "context":Keys=1.LastKeyStatus=Active. 2025-06-06 16:06:35 +0530.State=None. Tags: Current_encryption_keys_tag = Gu+/ve+/vWcIG++/vTbvv71iDmVMLA1jXizvv70j77+977+9Oe+/vSTvv73vv71Bzqzvv70=, Updated_current_encryption_keys_tag = Empty. Emails: ["melishamarinadsouza@kyndryl.com"]}
{"logTime": "0723/100906", "correlationVector":"JrIQu/jnt2HZ96xZNgwBjc.5","action":"ProcessGetUpdates", "result":"Done", "context":{"dataType":"Encryption Keys", "deleted":"0", "process_failed_to_decrypt":"0", "process_pending_decryption":"0", "process_success":"1", "total":"1"}}
{"logTime": "0723/100907", "correlationVector":"JrIQu/jnt2HZ96xZNgwBjc","action":"Initial GetUpdates", "result":"", "context":Reason: NEW_CLIENT. cV=JrIQu/jnt2HZ96xZNgwBjc}
{"logTime": "0723/100907", "correlationVector":"JrIQu/jnt2HZ96xZNgwBjc.6","action":"GetUpdates Response", "result":"Success", "context":Received 1 update(s). cV=JrIQu/jnt2HZ96xZNgwBjc.0;server=akswtt014000062;cloudType=Multitenant;environment=Prod_southindia_prod-s01-004-apac-southindia;migrationStage=NotStarted}
{"logTime": "0723/100907", "correlationVector":"N0vuBWzR3jMmD7Q9/MbFtS","action":"Initial GetUpdates", "result":"", "context":Reason: NEWLY_SUPPORTED_DATATYPE. cV=N0vuBWzR3jMmD7Q9/MbFtS}
{"logTime": "0723/100907", "correlationVector":"N0vuBWzR3jMmD7Q9/MbFtS.1","action":"SyncServerConnectionManagerRequest", "result":"SYNC_SERVER_OK", "context":{"environment":"Prod_southindia_prod-s01-004-apac-southindia", "migrationStage":"NotStarted", "server":"akswtt01400004j"}}
{"logTime": "0723/100907", "correlationVector":"N0vuBWzR3jMmD7Q9/MbFtS.2","action":"ProcessGetUpdates", "result":"Done", "context":{"dataType":"Passwords", "deleted":"0", "process_failed_to_decrypt":"0", "process_pending_decryption":"0", "process_success":"3", "total":"3"}}
{"logTime": "0723/100907", "correlationVector":"N0vuBWzR3jMmD7Q9/MbFtS.3","action":"GetUpdates Response", "result":"Success", "context":Received 3 update(s). cV=N0vuBWzR3jMmD7Q9/MbFtS.0;server=akswtt01400004j;cloudType=Multitenant;environment=Prod_southindia_prod-s01-004-apac-southindia;migrationStage=NotStarted}
{"logTime": "0723/100907", "correlationVector":"cXaQTzXziSa9viS/d/n++o","action":"Normal GetUpdate request", "result":"", "context":cV=cXaQTzXziSa9viS/d/n++o
Nudged types: Sessions, History
Refresh requested types: Bookmarks, Preferences, Passwords, Autofill Profiles, Autofill, Extensions, Sessions, Extension settings, History Delete Directives, Device Info, User Consents, Send Tab To Self, Web Apps, History, Saved Tab Group, WebAuthn Credentials, Collection, Edge E Drop, Edge Hub App Usage, Edge Wallet, Encryption Keys}
{"logTime": "0723/100908", "correlationVector":"cXaQTzXziSa9viS/d/n++o.1","action":"SyncServerConnectionManagerRequest", "result":"SYNC_SERVER_OK", "context":{"environment":"Prod_southindia_prod-s01-004-apac-southindia", "migrationStage":"NotStarted", "server":"akswtt014000022"}}
{"logTime": "0723/100908", "correlationVector":"cXaQTzXziSa9viS/d/n++o.2","action":"ProcessGetUpdates", "result":"Done", "context":{"dataType":"Sessions", "deleted":"2", "process_failed_to_decrypt":"0", "process_pending_decryption":"0", "process_success":"5", "total":"5"}}
{"logTime": "0723/100908", "correlationVector":"cXaQTzXziSa9viS/d/n++o.3","action":"ProcessGetUpdates", "result":"Done", "context":{"dataType":"History", "deleted":"0", "process_failed_to_decrypt":"0", "process_pending_decryption":"0", "process_success":"4", "total":"4"}}
{"logTime": "0723/100908", "correlationVector":"cXaQTzXziSa9viS/d/n++o.4","action":"GetUpdates Response", "result":"Success", "context":Received 9 update(s). cV=cXaQTzXziSa9viS/d/n++o.0;server=akswtt014000022;cloudType=Multitenant;environment=Prod_southindia_prod-s01-004-apac-southindia;migrationStage=NotStarted}
{"logTime": "0723/100908", "correlationVector":"uEMiiMfkCyOupnInwfTDW9","action":"Commit Request", "result":"", "context":Item count: 3
Contributing types: Sessions, History}
{"logTime": "0723/100909", "correlationVector":"uEMiiMfkCyOupnInwfTDW9.1","action":"SyncServerConnectionManagerRequest", "result":"SYNC_SERVER_OK", "context":{"environment":"Prod_southindia_prod-s01-004-apac-southindia", "migrationStage":"NotStarted", "server":"akswtt0140000b4"}}
{"logTime": "0723/100909", "correlationVector":"uEMiiMfkCyOupnInwfTDW9.2","action":"Commit Response", "result":"Success", "context":Result: Success. cV=uEMiiMfkCyOupnInwfTDW9.0;server=akswtt0140000b4;cloudType=Multitenant;environment=Prod_southindia_prod-s01-004-apac-southindia;migrationStage=NotStarted}
{"logTime": "0723/101009", "correlationVector":"EcwhtrTLGe3MDJWSj0BXS2","action":"Commit Request", "result":"", "context":Item count: 5
Contributing types: Sessions, History}
{"logTime": "0723/101009", "correlationVector":"EcwhtrTLGe3MDJWSj0BXS2.1","action":"SyncServerConnectionManagerRequest", "result":"SYNC_SERVER_OK", "context":{"environment":"Prod_southindia_prod-s01-004-apac-southindia", "migrationStage":"NotStarted", "server":"akswtt0140000ab"}}
{"logTime": "0723/101009", "correlationVector":"EcwhtrTLGe3MDJWSj0BXS2.2","action":"Commit Response", "result":"Success", "context":Result: Success. cV=EcwhtrTLGe3MDJWSj0BXS2.0;server=akswtt0140000ab;cloudType=Multitenant;environment=Prod_southindia_prod-s01-004-apac-southindia;migrationStage=NotStarted}
{"logTime": "0723/101543", "correlationVector":"FA912bI2tZI+Z7Ka4WyMxw","action":"Commit Request", "result":"", "context":Item count: 1
Contributing types: Sessions}
{"logTime": "0723/101543", "correlationVector":"FA912bI2tZI+Z7Ka4WyMxw.1","action":"SyncServerConnectionManagerRequest", "result":"SYNC_SERVER_OK", "context":{"environment":"Prod_southindia_prod-s01-004-apac-southindia", "migrationStage":"NotStarted", "server":"akswtt01400009j"}}
{"logTime": "0723/101543", "correlationVector":"FA912bI2tZI+Z7Ka4WyMxw.2","action":"Commit Response", "result":"Success", "context":Result: Success. cV=FA912bI2tZI+Z7Ka4WyMxw.0;server=akswtt01400009j;cloudType=Multitenant;environment=Prod_southindia_prod-s01-004-apac-southindia;migrationStage=NotStarted}
{"logTime": "0723/101842", "correlationVector":"N4vQM06ffgx+NV5HzNQMaA","action":"Commit Request", "result":"", "context":Item count: 3
Contributing types: Sessions, History}
{"logTime": "0723/101843", "correlationVector":"N4vQM06ffgx+NV5HzNQMaA.1","action":"SyncServerConnectionManagerRequest", "result":"SYNC_SERVER_OK", "context":{"environment":"Prod_southindia_prod-s01-004-apac-southindia", "migrationStage":"NotStarted", "server":"akswtt014000094"}}
{"logTime": "0723/101843", "correlationVector":"N4vQM06ffgx+NV5HzNQMaA.2","action":"Commit Response", "result":"Success", "context":Result: Success. cV=N4vQM06ffgx+NV5HzNQMaA.0;server=akswtt014000094;cloudType=Multitenant;environment=Prod_southindia_prod-s01-004-apac-southindia;migrationStage=NotStarted}
{"logTime": "0723/101943", "correlationVector":"r0foKc2iUS1YMSX9POwwC6","action":"Commit Request", "result":"", "context":Item count: 3
Contributing types: Sessions, History}
{"logTime": "0723/101944", "correlationVector":"r0foKc2iUS1YMSX9POwwC6.1","action":"SyncServerConnectionManagerRequest", "result":"SYNC_SERVER_OK", "context":{"environment":"Prod_southindia_prod-s01-004-apac-southindia", "migrationStage":"NotStarted", "server":"akswtt01400008d"}}
{"logTime": "0723/101944", "correlationVector":"r0foKc2iUS1YMSX9POwwC6.2","action":"Commit Response", "result":"Success", "context":Result: Success. cV=r0foKc2iUS1YMSX9POwwC6.0;server=akswtt01400008d;cloudType=Multitenant;environment=Prod_southindia_prod-s01-004-apac-southindia;migrationStage=NotStarted}
