2025-07-23 06:20:16.678: [INFO][Sync] Reset engine, reason: 8
2025-07-23 06:20:16.678: [INFO][Sync] Stopped: Bookmarks
2025-07-23 06:20:16.678: [INFO][Sync] Stopped: Preferences
2025-07-23 06:20:16.678: [INFO][Sync] Stopped: Passwords
2025-07-23 06:20:16.678: [INFO][Sync] Stopped: Autofill Profiles
2025-07-23 06:20:16.678: [INFO][Sync] Stopped: Autofill
2025-07-23 06:20:16.678: [INFO][Sync] Stopped: Extensions
2025-07-23 06:20:16.678: [INFO][Sync] Stopped: Sessions
2025-07-23 06:20:16.678: [INFO][Sync] Stopped: Extension settings
2025-07-23 06:20:16.678: [INFO][Sync] Stopped: History Delete Directives
2025-07-23 06:20:16.678: [INFO][Sync] Stopped: Device Info
2025-07-23 06:20:16.678: [INFO][Sync] Stopped: User Consents
2025-07-23 06:20:16.678: [INFO][Sync] Stopped: Send Tab To Self
2025-07-23 06:20:16.678: [INFO][Sync] Stopped: Web Apps
2025-07-23 06:20:16.678: [INFO][Sync] Stopped: History
2025-07-23 06:20:16.678: [INFO][Sync] Stopped: Saved Tab Group
2025-07-23 06:20:16.678: [INFO][Sync] Stopped: WebAuthn Credentials
2025-07-23 06:20:16.678: [INFO][Sync] Stopped: Collection
2025-07-23 06:20:16.678: [INFO][Sync] Stopped: Edge E Drop
2025-07-23 06:20:16.678: [INFO][Sync] Stopped: Edge Hub App Usage
2025-07-23 06:20:16.678: [INFO][Sync] Stopped: Edge Wallet
2025-07-23 06:20:16.678: [INFO][Sync] SyncState after authenticated was: NotSignedIn
2025-07-23 06:20:16.916: [INFO][Sync] Reset engine, reason: 8
2025-07-23 06:20:16.916: [INFO][Sync] Stopped: Bookmarks
2025-07-23 06:20:16.916: [INFO][Sync] Stopped: Preferences
2025-07-23 06:20:16.916: [INFO][Sync] Stopped: Passwords
2025-07-23 06:20:16.916: [INFO][Sync] Stopped: Autofill Profiles
2025-07-23 06:20:16.916: [INFO][Sync] Stopped: Autofill
2025-07-23 06:20:16.916: [INFO][Sync] Stopped: Extensions
2025-07-23 06:20:16.916: [INFO][Sync] Stopped: Sessions
2025-07-23 06:20:16.916: [INFO][Sync] Stopped: Extension settings
2025-07-23 06:20:16.916: [INFO][Sync] Stopped: History Delete Directives
2025-07-23 06:20:16.916: [INFO][Sync] Stopped: Device Info
2025-07-23 06:20:16.916: [INFO][Sync] Stopped: User Consents
2025-07-23 06:20:16.916: [INFO][Sync] Stopped: Send Tab To Self
2025-07-23 06:20:16.916: [INFO][Sync] Stopped: Web Apps
2025-07-23 06:20:16.916: [INFO][Sync] Stopped: History
2025-07-23 06:20:16.916: [INFO][Sync] Stopped: Saved Tab Group
2025-07-23 06:20:16.916: [INFO][Sync] Stopped: WebAuthn Credentials
2025-07-23 06:20:16.916: [INFO][Sync] Stopped: Collection
2025-07-23 06:20:16.916: [INFO][Sync] Stopped: Edge E Drop
2025-07-23 06:20:16.916: [INFO][Sync] Stopped: Edge Hub App Usage
2025-07-23 06:20:16.916: [INFO][Sync] Stopped: Edge Wallet
2025-07-23 06:20:26.738: [INFO][Sync] Try to start sync engine
2025-07-23 06:20:26.747: [INFO][SyncManagerImpl::NudgeForInitialDownload] Initial download nudge for Encryption Keys
2025-07-23 06:20:26.747: [INFO][SyncEngineBackend::LoadAndConnectNigoriController] Load and connect Nigori controller
2025-07-23 06:20:26.747: [INFO][SyncEngineBackend::DoInitialize] Control Types added: Encryption Keys
2025-07-23 06:20:26.747: [INFO][SyncManagerImpl::ConfigureSyncer] Types to download: Encryption Keys with reason: 3
2025-07-23 06:20:26.754: [INFO][SyncSchedulerImpl::DoConfigurationSyncCycleJob] Configure job was blocked
2025-07-23 06:20:27.211: [INFO][SyncAuthManager::SetLastAuthError] Current auth error: None
2025-07-23 06:20:27.211: [INFO][SyncAuthManager::EdgeLogTokenErrorState] Token error with: None for account type: AAD
2025-07-23 06:20:27.211: [INFO][Sync] Credentials changed for: EdgeSyncKeyDataScope
2025-07-23 06:20:27.211: [INFO][SyncEngineBackend::DoUpdateKeyDataCredentials] Update key data credentials
2025-07-23 06:20:27.307: [INFO][SyncAuthManager::SetLastAuthError] Current auth error: None
2025-07-23 06:20:27.307: [INFO][SyncAuthManager::EdgeLogTokenErrorState] Token error with: None for account type: AAD
2025-07-23 06:20:27.307: [INFO][Sync] Credentials changed for: EdgeSyncScopeNew
2025-07-23 06:20:27.307: [INFO][SyncEngineBackend::DoUpdateCredentials] Update credentials
2025-07-23 06:20:27.307: [INFO][SyncEngineBackend::DoUpdateKeyDataCredentials] Update key data credentials
2025-07-23 06:20:27.307: [INFO][SyncSchedulerImpl::DoConfigurationSyncCycleJob] Blocked types:  and types to download: Encryption Keys
2025-07-23 06:20:31.509: [INFO][Sync] Started DataTypeManager configuration, reason: 4
2025-07-23 06:20:31.509: [INFO][Sync] Configuring for: Bookmarks, Preferences, Passwords, Autofill Profiles, Autofill, Extensions, Sessions, Extension settings, History Delete Directives, Device Info, User Consents, Send Tab To Self, Web Apps, History, Saved Tab Group, WebAuthn Credentials, Collection, Edge E Drop, Edge Hub App Usage, Edge Wallet, Encryption Keys, reason: 3, current state: 0
2025-07-23 06:20:31.510: [INFO][SyncEngineBackend::DoStartConfiguration] Start configuration
2025-07-23 06:20:31.513: [INFO][Sync] Configure, desired: Bookmarks, Preferences, Passwords, Autofill Profiles, Autofill, Extensions, Sessions, Extension settings, History Delete Directives, Device Info, User Consents, Send Tab To Self, Web Apps, History, Saved Tab Group, WebAuthn Credentials, Collection, Edge E Drop, Edge Hub App Usage, Edge Wallet, Encryption Keys; Allow fail: 
2025-07-23 06:20:31.514: [INFO][Sync] Loading: Bookmarks
2025-07-23 06:20:31.514: [INFO][Sync] Loading: Preferences
2025-07-23 06:20:31.514: [INFO][Sync] Loading: Passwords
2025-07-23 06:20:31.514: [INFO][Sync] Loading: Autofill Profiles
2025-07-23 06:20:31.514: [INFO][Sync] Loading: Autofill
2025-07-23 06:20:31.514: [INFO][Sync] Loading: Extensions
2025-07-23 06:20:31.514: [INFO][Sync] Loading: Sessions
2025-07-23 06:20:31.514: [INFO][Sync] Loading: Extension settings
2025-07-23 06:20:31.514: [INFO][Sync] Loading: History Delete Directives
2025-07-23 06:20:31.514: [INFO][Sync] Loading: Device Info
2025-07-23 06:20:31.514: [INFO][Sync] Loading: User Consents
2025-07-23 06:20:31.514: [INFO][Sync] Loading: Send Tab To Self
2025-07-23 06:20:31.514: [INFO][Sync] Loading: Web Apps
2025-07-23 06:20:31.514: [INFO][Sync] Loading: History
2025-07-23 06:20:31.514: [INFO][Sync] Loading: Saved Tab Group
2025-07-23 06:20:31.514: [INFO][Sync] Loading: WebAuthn Credentials
2025-07-23 06:20:31.514: [INFO][Sync] Loading: Collection
2025-07-23 06:20:31.514: [INFO][Sync] Loading: Edge E Drop
2025-07-23 06:20:31.514: [INFO][Sync] Loading: Edge Hub App Usage
2025-07-23 06:20:31.514: [INFO][Sync] Loading: Edge Wallet
2025-07-23 06:20:31.527: [INFO][Sync] All data types are ready for configure.
2025-07-23 06:20:31.527: [INFO][SyncManagerImpl::NudgeForInitialDownload] Initial download nudge for Bookmarks
2025-07-23 06:20:31.527: [INFO][SyncManagerImpl::NudgeForInitialDownload] Initial download nudge for Preferences
2025-07-23 06:20:31.527: [INFO][SyncManagerImpl::NudgeForInitialDownload] Initial download nudge for Passwords
2025-07-23 06:20:31.527: [INFO][SyncManagerImpl::NudgeForInitialDownload] Initial download nudge for Autofill Profiles
2025-07-23 06:20:31.527: [INFO][SyncManagerImpl::NudgeForInitialDownload] Initial download nudge for Autofill
2025-07-23 06:20:31.527: [INFO][SyncManagerImpl::NudgeForInitialDownload] Initial download nudge for Extensions
2025-07-23 06:20:31.527: [INFO][SyncManagerImpl::NudgeForInitialDownload] Initial download nudge for Sessions
2025-07-23 06:20:31.527: [INFO][SyncManagerImpl::NudgeForInitialDownload] Initial download nudge for Extension settings
2025-07-23 06:20:31.527: [INFO][SyncManagerImpl::NudgeForInitialDownload] Initial download nudge for History Delete Directives
2025-07-23 06:20:31.527: [INFO][SyncManagerImpl::NudgeForInitialDownload] Initial download nudge for Device Info
2025-07-23 06:20:31.527: [INFO][SyncManagerImpl::NudgeForInitialDownload] Initial download nudge for Send Tab To Self
2025-07-23 06:20:31.527: [INFO][SyncManagerImpl::NudgeForInitialDownload] Initial download nudge for Web Apps
2025-07-23 06:20:31.527: [INFO][SyncManagerImpl::NudgeForInitialDownload] Initial download nudge for History
2025-07-23 06:20:31.527: [INFO][SyncManagerImpl::NudgeForInitialDownload] Initial download nudge for Saved Tab Group
2025-07-23 06:20:31.527: [INFO][SyncManagerImpl::NudgeForInitialDownload] Initial download nudge for WebAuthn Credentials
2025-07-23 06:20:31.527: [INFO][SyncManagerImpl::NudgeForInitialDownload] Initial download nudge for Collection
2025-07-23 06:20:31.528: [INFO][SyncManagerImpl::NudgeForInitialDownload] Initial download nudge for Edge E Drop
2025-07-23 06:20:31.528: [INFO][SyncManagerImpl::NudgeForInitialDownload] Initial download nudge for Edge Hub App Usage
2025-07-23 06:20:31.528: [INFO][SyncManagerImpl::NudgeForInitialDownload] Initial download nudge for Edge Wallet
2025-07-23 06:20:31.528: [INFO][SyncManagerImpl::ConfigureSyncer] Types to download:  with reason: 3
2025-07-23 06:20:31.528: [INFO][SyncEngineBackend::DoFinishConfigureDataTypes] Failed to download types:  and succeeded types: 
2025-07-23 06:20:31.529: [INFO][Sync] ConfigurationDone, failed: , succeeded: , remaining count: 4
2025-07-23 06:20:31.529: [INFO][Sync] Prepare to configure types: Preferences, Passwords, Device Info, Send Tab To Self, Edge E Drop, Encryption Keys
2025-07-23 06:20:31.529: [INFO][SyncManagerImpl::ConfigureSyncer] Types to download: Preferences, Passwords, Device Info, Send Tab To Self, Edge E Drop, Encryption Keys with reason: 3
2025-07-23 06:20:31.529: [INFO][SyncSchedulerImpl::DoConfigurationSyncCycleJob] Blocked types:  and types to download: Preferences, Passwords, Device Info, Send Tab To Self, Edge E Drop, Encryption Keys
2025-07-23 06:20:32.096: [INFO][SyncEngineBackend::DoFinishConfigureDataTypes] Failed to download types:  and succeeded types: Preferences, Passwords, Device Info, Send Tab To Self, Edge E Drop, Encryption Keys
2025-07-23 06:20:32.098: [INFO][Sync] ConfigurationDone, failed: , succeeded: Preferences, Passwords, Device Info, Send Tab To Self, Edge E Drop, Encryption Keys, remaining count: 3
2025-07-23 06:20:32.098: [INFO][Sync] Prepare to configure types: Bookmarks, Encryption Keys
2025-07-23 06:20:32.098: [INFO][SyncManagerImpl::ConfigureSyncer] Types to download: Bookmarks, Encryption Keys with reason: 3
2025-07-23 06:20:32.098: [INFO][SyncSchedulerImpl::DoConfigurationSyncCycleJob] Blocked types:  and types to download: Bookmarks, Encryption Keys
2025-07-23 06:20:33.004: [INFO][SyncEngineBackend::DoFinishConfigureDataTypes] Failed to download types:  and succeeded types: Bookmarks, Encryption Keys
2025-07-23 06:20:33.006: [INFO][Sync] ConfigurationDone, failed: , succeeded: Bookmarks, Encryption Keys, remaining count: 2
2025-07-23 06:20:33.006: [INFO][Sync] Prepare to configure types: Autofill Profiles, Autofill, Extensions, Sessions, Extension settings, History Delete Directives, Web Apps, Saved Tab Group, WebAuthn Credentials, Collection, Edge Hub App Usage, Edge Wallet, Encryption Keys
2025-07-23 06:20:33.007: [INFO][SyncManagerImpl::ConfigureSyncer] Types to download: Autofill Profiles, Autofill, Extensions, Sessions, Extension settings, History Delete Directives, Web Apps, Saved Tab Group, WebAuthn Credentials, Collection, Edge Hub App Usage, Edge Wallet, Encryption Keys with reason: 3
2025-07-23 06:20:33.007: [INFO][SyncSchedulerImpl::DoConfigurationSyncCycleJob] Blocked types:  and types to download: Autofill Profiles, Autofill, Extensions, Sessions, Extension settings, History Delete Directives, Web Apps, Saved Tab Group, WebAuthn Credentials, Collection, Edge Hub App Usage, Edge Wallet, Encryption Keys
2025-07-23 06:20:33.633: [INFO][SyncEngineBackend::DoFinishConfigureDataTypes] Failed to download types:  and succeeded types: Autofill Profiles, Autofill, Extensions, Sessions, Extension settings, History Delete Directives, Web Apps, Saved Tab Group, WebAuthn Credentials, Collection, Edge Hub App Usage, Edge Wallet, Encryption Keys
2025-07-23 06:20:33.636: [INFO][Sync] ConfigurationDone, failed: , succeeded: Autofill Profiles, Autofill, Extensions, Sessions, Extension settings, History Delete Directives, Web Apps, Saved Tab Group, WebAuthn Credentials, Collection, Edge Hub App Usage, Edge Wallet, Encryption Keys, remaining count: 1
2025-07-23 06:20:33.640: [INFO][Sync] Prepare to configure types: History, Encryption Keys
2025-07-23 06:20:33.640: [INFO][SyncManagerImpl::ConfigureSyncer] Types to download: History, Encryption Keys with reason: 3
2025-07-23 06:20:33.640: [INFO][SyncSchedulerImpl::DoConfigurationSyncCycleJob] Blocked types:  and types to download: History, Encryption Keys
2025-07-23 06:20:35.350: [INFO][SyncEngineBackend::DoFinishConfigureDataTypes] Failed to download types:  and succeeded types: History, Encryption Keys
2025-07-23 06:20:35.355: [INFO][Sync] ConfigurationDone, failed: , succeeded: History, Encryption Keys, remaining count: 0
2025-07-23 06:20:35.360: [INFO][Sync]     Configuration completed, state: 3
2025-07-23 06:20:35.361: [INFO][Sync] Configured DataTypeManager: Ok
2025-07-23 06:20:35.368: [INFO][SyncEngineBackend::DoStartSyncing] Start syncing
2025-07-23 06:21:53.167: [INFO][Sync] Reset engine, reason: 0
2025-07-23 06:21:53.167: [INFO][Sync] Reset engine with reason: 0
2025-07-23 08:10:05.883: [INFO][Sync] SyncState after authenticated was: FeatureCanStart
2025-07-23 08:10:07.248: [INFO][SyncAuthManager::SetLastAuthError] Current auth error: None
2025-07-23 08:10:07.248: [INFO][SyncAuthManager::EdgeLogTokenErrorState] Token error with: None for account type: AAD
2025-07-23 08:10:07.248: [INFO][Sync] Credentials changed for: EdgeSyncKeyDataScope
2025-07-23 08:10:07.249: [INFO][Sync] Try to start sync engine
2025-07-23 08:10:07.284: [INFO][SyncManagerImpl::NudgeForInitialDownload] Initial download nudge for Encryption Keys
2025-07-23 08:10:07.284: [INFO][SyncEngineBackend::LoadAndConnectNigoriController] Load and connect Nigori controller
2025-07-23 08:10:07.284: [INFO][SyncEngineBackend::DoInitialize] Control Types added: Encryption Keys
2025-07-23 08:10:07.284: [INFO][SyncManagerImpl::ConfigureSyncer] Types to download: Encryption Keys with reason: 3
2025-07-23 08:10:07.284: [INFO][SyncEngineBackend::DoUpdateKeyDataCredentials] Update key data credentials
2025-07-23 08:10:07.284: [INFO][SyncSchedulerImpl::DoConfigurationSyncCycleJob] Configure job was blocked
2025-07-23 08:10:09.185: [INFO][SyncAuthManager::SetLastAuthError] Current auth error: None
2025-07-23 08:10:09.185: [INFO][SyncAuthManager::EdgeLogTokenErrorState] Token error with: None for account type: AAD
2025-07-23 08:10:09.185: [INFO][Sync] Credentials changed for: EdgeSyncScopeNew
2025-07-23 08:10:09.185: [INFO][SyncEngineBackend::DoUpdateCredentials] Update credentials
2025-07-23 08:10:09.185: [INFO][SyncEngineBackend::DoUpdateKeyDataCredentials] Update key data credentials
2025-07-23 08:10:09.185: [INFO][SyncSchedulerImpl::DoConfigurationSyncCycleJob] Blocked types:  and types to download: Encryption Keys
2025-07-23 08:10:12.331: [INFO][Sync] Started DataTypeManager configuration, reason: 4
2025-07-23 08:10:12.332: [INFO][Sync] Configuring for: Bookmarks, Preferences, Passwords, Autofill Profiles, Autofill, Extensions, Sessions, Extension settings, History Delete Directives, Device Info, User Consents, Send Tab To Self, Web Apps, History, Saved Tab Group, WebAuthn Credentials, Collection, Edge E Drop, Edge Hub App Usage, Edge Wallet, Encryption Keys, reason: 4, current state: 0
2025-07-23 08:10:12.332: [INFO][SyncEngineBackend::DoStartConfiguration] Start configuration
2025-07-23 08:10:12.339: [INFO][Sync] Configure, desired: Bookmarks, Preferences, Passwords, Autofill Profiles, Autofill, Extensions, Sessions, Extension settings, History Delete Directives, Device Info, User Consents, Send Tab To Self, Web Apps, History, Saved Tab Group, WebAuthn Credentials, Collection, Edge E Drop, Edge Hub App Usage, Edge Wallet, Encryption Keys; Allow fail: 
2025-07-23 08:10:12.339: [INFO][Sync] Loading: Bookmarks
2025-07-23 08:10:12.339: [INFO][Sync] Loading: Preferences
2025-07-23 08:10:12.339: [INFO][Sync] Loading: Passwords
2025-07-23 08:10:12.339: [INFO][Sync] Loading: Autofill Profiles
2025-07-23 08:10:12.339: [INFO][Sync] Loading: Autofill
2025-07-23 08:10:12.339: [INFO][Sync] Loading: Extensions
2025-07-23 08:10:12.339: [INFO][Sync] Loading: Sessions
2025-07-23 08:10:12.339: [INFO][Sync] Loading: Extension settings
2025-07-23 08:10:12.339: [INFO][Sync] Loading: History Delete Directives
2025-07-23 08:10:12.339: [INFO][Sync] Loading: Device Info
2025-07-23 08:10:12.339: [INFO][Sync] Loading: User Consents
2025-07-23 08:10:12.339: [INFO][Sync] Loading: Send Tab To Self
2025-07-23 08:10:12.339: [INFO][Sync] Loading: Web Apps
2025-07-23 08:10:12.339: [INFO][Sync] Loading: History
2025-07-23 08:10:12.339: [INFO][Sync] Loading: Saved Tab Group
2025-07-23 08:10:12.339: [INFO][Sync] Loading: WebAuthn Credentials
2025-07-23 08:10:12.339: [INFO][Sync] Loading: Collection
2025-07-23 08:10:12.339: [INFO][Sync] Loading: Edge E Drop
2025-07-23 08:10:12.339: [INFO][Sync] Loading: Edge Hub App Usage
2025-07-23 08:10:12.339: [INFO][Sync] Loading: Edge Wallet
2025-07-23 08:10:12.360: [INFO][Sync] All data types are ready for configure.
2025-07-23 08:10:12.361: [INFO][SyncManagerImpl::NudgeForInitialDownload] Initial download nudge for Passwords
2025-07-23 08:10:12.361: [INFO][SyncManagerImpl::ConfigureSyncer] Types to download:  with reason: 4
2025-07-23 08:10:12.362: [INFO][SyncEngineBackend::DoFinishConfigureDataTypes] Failed to download types:  and succeeded types: 
2025-07-23 08:10:12.362: [INFO][Sync] ConfigurationDone, failed: , succeeded: , remaining count: 4
2025-07-23 08:10:12.362: [INFO][Sync] Prepare to configure types: Passwords, Encryption Keys
2025-07-23 08:10:12.362: [INFO][SyncManagerImpl::ConfigureSyncer] Types to download: Passwords, Encryption Keys with reason: 4
2025-07-23 08:10:12.362: [INFO][SyncSchedulerImpl::DoConfigurationSyncCycleJob] Blocked types:  and types to download: Passwords, Encryption Keys
2025-07-23 08:10:13.258: [INFO][SyncEngineBackend::DoFinishConfigureDataTypes] Failed to download types:  and succeeded types: Passwords, Encryption Keys
2025-07-23 08:10:13.263: [INFO][Sync] ConfigurationDone, failed: , succeeded: Passwords, Encryption Keys, remaining count: 3
2025-07-23 08:10:13.263: [INFO][SyncManagerImpl::ConfigureSyncer] Types to download:  with reason: 4
2025-07-23 08:10:13.263: [INFO][SyncEngineBackend::DoFinishConfigureDataTypes] Failed to download types:  and succeeded types: 
2025-07-23 08:10:13.272: [INFO][Sync] ConfigurationDone, failed: , succeeded: , remaining count: 2
2025-07-23 08:10:13.273: [INFO][SyncManagerImpl::ConfigureSyncer] Types to download:  with reason: 4
2025-07-23 08:10:13.273: [INFO][SyncEngineBackend::DoFinishConfigureDataTypes] Failed to download types:  and succeeded types: 
2025-07-23 08:10:13.274: [INFO][Sync] ConfigurationDone, failed: , succeeded: , remaining count: 1
2025-07-23 08:10:13.280: [INFO][SyncManagerImpl::ConfigureSyncer] Types to download:  with reason: 4
2025-07-23 08:10:13.280: [INFO][SyncEngineBackend::DoFinishConfigureDataTypes] Failed to download types:  and succeeded types: 
2025-07-23 08:10:13.280: [INFO][Sync] ConfigurationDone, failed: , succeeded: , remaining count: 0
2025-07-23 08:10:13.286: [INFO][Sync]     Configuration completed, state: 3
2025-07-23 08:10:13.286: [INFO][Sync] Configured DataTypeManager: Ok
2025-07-23 08:10:13.294: [INFO][SyncEngineBackend::DoStartSyncing] Start syncing
2025-07-23 08:10:47.950: [INFO][Sync] Reset engine, reason: 0
2025-07-23 08:10:47.950: [INFO][Sync] Reset engine with reason: 0
2025-07-23 09:27:22.657: [INFO][Sync] SyncState after authenticated was: FeatureCanStart
2025-07-23 09:27:23.893: [INFO][SyncAuthManager::SetLastAuthError] Current auth error: None
2025-07-23 09:27:23.893: [INFO][SyncAuthManager::EdgeLogTokenErrorState] Token error with: None for account type: AAD
2025-07-23 09:27:23.893: [INFO][Sync] Credentials changed for: EdgeSyncKeyDataScope
2025-07-23 09:27:23.894: [INFO][Sync] Try to start sync engine
2025-07-23 09:27:24.054: [INFO][SyncManagerImpl::NudgeForInitialDownload] Initial download nudge for Encryption Keys
2025-07-23 09:27:24.054: [INFO][SyncEngineBackend::LoadAndConnectNigoriController] Load and connect Nigori controller
2025-07-23 09:27:24.054: [INFO][SyncEngineBackend::DoInitialize] Control Types added: Encryption Keys
2025-07-23 09:27:24.054: [INFO][SyncManagerImpl::ConfigureSyncer] Types to download: Encryption Keys with reason: 3
2025-07-23 09:27:24.054: [INFO][SyncEngineBackend::DoUpdateKeyDataCredentials] Update key data credentials
2025-07-23 09:27:24.054: [INFO][SyncSchedulerImpl::DoConfigurationSyncCycleJob] Configure job was blocked
2025-07-23 09:27:24.166: [INFO][SyncAuthManager::SetLastAuthError] Current auth error: None
2025-07-23 09:27:24.166: [INFO][SyncAuthManager::EdgeLogTokenErrorState] Token error with: None for account type: AAD
2025-07-23 09:27:24.166: [INFO][Sync] Credentials changed for: EdgeSyncScopeNew
2025-07-23 09:27:24.166: [INFO][SyncEngineBackend::DoUpdateCredentials] Update credentials
2025-07-23 09:27:24.166: [INFO][SyncEngineBackend::DoUpdateKeyDataCredentials] Update key data credentials
2025-07-23 09:27:24.166: [INFO][SyncSchedulerImpl::DoConfigurationSyncCycleJob] Blocked types:  and types to download: Encryption Keys
2025-07-23 09:27:29.214: [INFO][Sync] Started DataTypeManager configuration, reason: 4
2025-07-23 09:27:29.214: [INFO][Sync] Configuring for: Bookmarks, Preferences, Passwords, Autofill Profiles, Autofill, Extensions, Sessions, Extension settings, History Delete Directives, Device Info, User Consents, Send Tab To Self, Web Apps, History, Saved Tab Group, WebAuthn Credentials, Collection, Edge E Drop, Edge Hub App Usage, Edge Wallet, Encryption Keys, reason: 4, current state: 0
2025-07-23 09:27:29.214: [INFO][SyncEngineBackend::DoStartConfiguration] Start configuration
2025-07-23 09:27:29.221: [INFO][Sync] Configure, desired: Bookmarks, Preferences, Passwords, Autofill Profiles, Autofill, Extensions, Sessions, Extension settings, History Delete Directives, Device Info, User Consents, Send Tab To Self, Web Apps, History, Saved Tab Group, WebAuthn Credentials, Collection, Edge E Drop, Edge Hub App Usage, Edge Wallet, Encryption Keys; Allow fail: 
2025-07-23 09:27:29.221: [INFO][Sync] Loading: Bookmarks
2025-07-23 09:27:29.221: [INFO][Sync] Loading: Preferences
2025-07-23 09:27:29.221: [INFO][Sync] Loading: Passwords
2025-07-23 09:27:29.221: [INFO][Sync] Loading: Autofill Profiles
2025-07-23 09:27:29.221: [INFO][Sync] Loading: Autofill
2025-07-23 09:27:29.221: [INFO][Sync] Loading: Extensions
2025-07-23 09:27:29.221: [INFO][Sync] Loading: Sessions
2025-07-23 09:27:29.221: [INFO][Sync] Loading: Extension settings
2025-07-23 09:27:29.221: [INFO][Sync] Loading: History Delete Directives
2025-07-23 09:27:29.221: [INFO][Sync] Loading: Device Info
2025-07-23 09:27:29.221: [INFO][Sync] Loading: User Consents
2025-07-23 09:27:29.221: [INFO][Sync] Loading: Send Tab To Self
2025-07-23 09:27:29.221: [INFO][Sync] Loading: Web Apps
2025-07-23 09:27:29.221: [INFO][Sync] Loading: History
2025-07-23 09:27:29.221: [INFO][Sync] Loading: Saved Tab Group
2025-07-23 09:27:29.221: [INFO][Sync] Loading: WebAuthn Credentials
2025-07-23 09:27:29.221: [INFO][Sync] Loading: Collection
2025-07-23 09:27:29.221: [INFO][Sync] Loading: Edge E Drop
2025-07-23 09:27:29.221: [INFO][Sync] Loading: Edge Hub App Usage
2025-07-23 09:27:29.222: [INFO][Sync] Loading: Edge Wallet
2025-07-23 09:27:29.240: [INFO][Sync] All data types are ready for configure.
2025-07-23 09:27:29.240: [INFO][SyncManagerImpl::NudgeForInitialDownload] Initial download nudge for Passwords
2025-07-23 09:27:29.241: [INFO][SyncManagerImpl::ConfigureSyncer] Types to download:  with reason: 4
2025-07-23 09:27:29.241: [INFO][SyncEngineBackend::DoFinishConfigureDataTypes] Failed to download types:  and succeeded types: 
2025-07-23 09:27:29.241: [INFO][Sync] ConfigurationDone, failed: , succeeded: , remaining count: 4
2025-07-23 09:27:29.241: [INFO][Sync] Prepare to configure types: Passwords, Encryption Keys
2025-07-23 09:27:29.242: [INFO][SyncManagerImpl::ConfigureSyncer] Types to download: Passwords, Encryption Keys with reason: 4
2025-07-23 09:27:29.242: [INFO][SyncSchedulerImpl::DoConfigurationSyncCycleJob] Blocked types:  and types to download: Passwords, Encryption Keys
2025-07-23 09:27:29.728: [INFO][SyncEngineBackend::DoFinishConfigureDataTypes] Failed to download types:  and succeeded types: Passwords, Encryption Keys
2025-07-23 09:27:29.733: [INFO][Sync] ConfigurationDone, failed: , succeeded: Passwords, Encryption Keys, remaining count: 3
2025-07-23 09:27:29.733: [INFO][SyncManagerImpl::ConfigureSyncer] Types to download:  with reason: 4
2025-07-23 09:27:29.733: [INFO][SyncEngineBackend::DoFinishConfigureDataTypes] Failed to download types:  and succeeded types: 
2025-07-23 09:27:29.742: [INFO][Sync] ConfigurationDone, failed: , succeeded: , remaining count: 2
2025-07-23 09:27:29.743: [INFO][SyncManagerImpl::ConfigureSyncer] Types to download:  with reason: 4
2025-07-23 09:27:29.743: [INFO][SyncEngineBackend::DoFinishConfigureDataTypes] Failed to download types:  and succeeded types: 
2025-07-23 09:27:29.743: [INFO][Sync] ConfigurationDone, failed: , succeeded: , remaining count: 1
2025-07-23 09:27:29.748: [INFO][SyncManagerImpl::ConfigureSyncer] Types to download:  with reason: 4
2025-07-23 09:27:29.748: [INFO][SyncEngineBackend::DoFinishConfigureDataTypes] Failed to download types:  and succeeded types: 
2025-07-23 09:27:29.750: [INFO][Sync] ConfigurationDone, failed: , succeeded: , remaining count: 0
2025-07-23 09:27:29.756: [INFO][Sync]     Configuration completed, state: 3
2025-07-23 09:27:29.757: [INFO][Sync] Configured DataTypeManager: Ok
2025-07-23 09:27:29.764: [INFO][SyncEngineBackend::DoStartSyncing] Start syncing
2025-07-23 09:28:14.437: [INFO][Sync] Reset engine, reason: 0
2025-07-23 09:28:14.437: [INFO][Sync] Reset engine with reason: 0
2025-07-23 10:09:02.339: [INFO][Sync] SyncState after authenticated was: FeatureCanStart
2025-07-23 10:09:03.844: [INFO][SyncAuthManager::SetLastAuthError] Current auth error: None
2025-07-23 10:09:03.844: [INFO][SyncAuthManager::EdgeLogTokenErrorState] Token error with: None for account type: AAD
2025-07-23 10:09:03.844: [INFO][Sync] Credentials changed for: EdgeSyncKeyDataScope
2025-07-23 10:09:03.844: [INFO][Sync] Try to start sync engine
2025-07-23 10:09:03.875: [INFO][SyncManagerImpl::NudgeForInitialDownload] Initial download nudge for Encryption Keys
2025-07-23 10:09:03.875: [INFO][SyncEngineBackend::LoadAndConnectNigoriController] Load and connect Nigori controller
2025-07-23 10:09:03.875: [INFO][SyncEngineBackend::DoInitialize] Control Types added: Encryption Keys
2025-07-23 10:09:03.875: [INFO][SyncManagerImpl::ConfigureSyncer] Types to download: Encryption Keys with reason: 3
2025-07-23 10:09:03.875: [INFO][SyncEngineBackend::DoUpdateKeyDataCredentials] Update key data credentials
2025-07-23 10:09:03.876: [INFO][SyncSchedulerImpl::DoConfigurationSyncCycleJob] Configure job was blocked
2025-07-23 10:09:03.972: [INFO][SyncAuthManager::SetLastAuthError] Current auth error: None
2025-07-23 10:09:03.972: [INFO][SyncAuthManager::EdgeLogTokenErrorState] Token error with: None for account type: AAD
2025-07-23 10:09:03.972: [INFO][Sync] Credentials changed for: EdgeSyncScopeNew
2025-07-23 10:09:03.972: [INFO][SyncEngineBackend::DoUpdateCredentials] Update credentials
2025-07-23 10:09:03.973: [INFO][SyncEngineBackend::DoUpdateKeyDataCredentials] Update key data credentials
2025-07-23 10:09:03.973: [INFO][SyncSchedulerImpl::DoConfigurationSyncCycleJob] Blocked types:  and types to download: Encryption Keys
2025-07-23 10:09:07.041: [INFO][Sync] Started DataTypeManager configuration, reason: 4
2025-07-23 10:09:07.041: [INFO][Sync] Configuring for: Bookmarks, Preferences, Passwords, Autofill Profiles, Autofill, Extensions, Sessions, Extension settings, History Delete Directives, Device Info, User Consents, Send Tab To Self, Web Apps, History, Saved Tab Group, WebAuthn Credentials, Collection, Edge E Drop, Edge Hub App Usage, Edge Wallet, Encryption Keys, reason: 4, current state: 0
2025-07-23 10:09:07.041: [INFO][SyncEngineBackend::DoStartConfiguration] Start configuration
2025-07-23 10:09:07.047: [INFO][Sync] Configure, desired: Bookmarks, Preferences, Passwords, Autofill Profiles, Autofill, Extensions, Sessions, Extension settings, History Delete Directives, Device Info, User Consents, Send Tab To Self, Web Apps, History, Saved Tab Group, WebAuthn Credentials, Collection, Edge E Drop, Edge Hub App Usage, Edge Wallet, Encryption Keys; Allow fail: 
2025-07-23 10:09:07.047: [INFO][Sync] Loading: Bookmarks
2025-07-23 10:09:07.047: [INFO][Sync] Loading: Preferences
2025-07-23 10:09:07.047: [INFO][Sync] Loading: Passwords
2025-07-23 10:09:07.047: [INFO][Sync] Loading: Autofill Profiles
2025-07-23 10:09:07.047: [INFO][Sync] Loading: Autofill
2025-07-23 10:09:07.047: [INFO][Sync] Loading: Extensions
2025-07-23 10:09:07.047: [INFO][Sync] Loading: Sessions
2025-07-23 10:09:07.047: [INFO][Sync] Loading: Extension settings
2025-07-23 10:09:07.047: [INFO][Sync] Loading: History Delete Directives
2025-07-23 10:09:07.047: [INFO][Sync] Loading: Device Info
2025-07-23 10:09:07.047: [INFO][Sync] Loading: User Consents
2025-07-23 10:09:07.047: [INFO][Sync] Loading: Send Tab To Self
2025-07-23 10:09:07.047: [INFO][Sync] Loading: Web Apps
2025-07-23 10:09:07.047: [INFO][Sync] Loading: History
2025-07-23 10:09:07.047: [INFO][Sync] Loading: Saved Tab Group
2025-07-23 10:09:07.047: [INFO][Sync] Loading: WebAuthn Credentials
2025-07-23 10:09:07.047: [INFO][Sync] Loading: Collection
2025-07-23 10:09:07.047: [INFO][Sync] Loading: Edge E Drop
2025-07-23 10:09:07.047: [INFO][Sync] Loading: Edge Hub App Usage
2025-07-23 10:09:07.047: [INFO][Sync] Loading: Edge Wallet
2025-07-23 10:09:07.066: [INFO][Sync] All data types are ready for configure.
2025-07-23 10:09:07.070: [INFO][SyncManagerImpl::NudgeForInitialDownload] Initial download nudge for Passwords
2025-07-23 10:09:07.071: [INFO][SyncManagerImpl::ConfigureSyncer] Types to download:  with reason: 4
2025-07-23 10:09:07.071: [INFO][SyncEngineBackend::DoFinishConfigureDataTypes] Failed to download types:  and succeeded types: 
2025-07-23 10:09:07.072: [INFO][Sync] ConfigurationDone, failed: , succeeded: , remaining count: 4
2025-07-23 10:09:07.072: [INFO][Sync] Prepare to configure types: Passwords, Encryption Keys
2025-07-23 10:09:07.072: [INFO][SyncManagerImpl::ConfigureSyncer] Types to download: Passwords, Encryption Keys with reason: 4
2025-07-23 10:09:07.072: [INFO][SyncSchedulerImpl::DoConfigurationSyncCycleJob] Blocked types:  and types to download: Passwords, Encryption Keys
2025-07-23 10:09:07.783: [INFO][SyncEngineBackend::DoFinishConfigureDataTypes] Failed to download types:  and succeeded types: Passwords, Encryption Keys
2025-07-23 10:09:07.788: [INFO][Sync] ConfigurationDone, failed: , succeeded: Passwords, Encryption Keys, remaining count: 3
2025-07-23 10:09:07.789: [INFO][SyncManagerImpl::ConfigureSyncer] Types to download:  with reason: 4
2025-07-23 10:09:07.789: [INFO][SyncEngineBackend::DoFinishConfigureDataTypes] Failed to download types:  and succeeded types: 
2025-07-23 10:09:07.797: [INFO][Sync] ConfigurationDone, failed: , succeeded: , remaining count: 2
2025-07-23 10:09:07.798: [INFO][SyncManagerImpl::ConfigureSyncer] Types to download:  with reason: 4
2025-07-23 10:09:07.798: [INFO][SyncEngineBackend::DoFinishConfigureDataTypes] Failed to download types:  and succeeded types: 
2025-07-23 10:09:07.798: [INFO][Sync] ConfigurationDone, failed: , succeeded: , remaining count: 1
2025-07-23 10:09:07.803: [INFO][SyncManagerImpl::ConfigureSyncer] Types to download:  with reason: 4
2025-07-23 10:09:07.803: [INFO][SyncEngineBackend::DoFinishConfigureDataTypes] Failed to download types:  and succeeded types: 
2025-07-23 10:09:07.804: [INFO][Sync] ConfigurationDone, failed: , succeeded: , remaining count: 0
2025-07-23 10:09:07.811: [INFO][Sync]     Configuration completed, state: 3
2025-07-23 10:09:07.811: [INFO][Sync] Configured DataTypeManager: Ok
2025-07-23 10:09:07.818: [INFO][SyncEngineBackend::DoStartSyncing] Start syncing
2025-07-23 10:19:56.498: [INFO][Sync] Reset engine, reason: 0
2025-07-23 10:19:56.498: [INFO][Sync] Reset engine with reason: 0
